<<<<<<< HEAD
{"level":"info","message":"[2023-11-13T17:33:42.915Z] - method: POST /loginGoogle - token: eyJhbGciOiJSUzI1NiIsImtpZCI6ImY4MzNlOGE3ZmUzZmU0Yjg3ODk0ODIxOWExNjg0YWZhMzczY2E4NmYiLCJ0eXAiOiJKV1QifQ.eyJpc3MiOiJodHRwczovL2FjY291bnRzLmdvb2dsZS5jb20iLCJhenAiOiIyNDUwNzMxODY2MzEtMGFxNnBsNGFpbHJxZXJ1ZWhqdXZoa2szNWl1ZW0yZTYuYXBwcy5nb29nbGV1c2VyY29udGVudC5jb20iLCJhdWQiOiIyNDUwNzMxODY2MzEtMGFxNnBsNGFpbHJxZXJ1ZWhqdXZoa2szNWl1ZW0yZTYuYXBwcy5nb29nbGV1c2VyY29udGVudC5jb20iLCJzdWIiOiIxMDgyMDM3MzI1NDUyODIxODY0OTciLCJlbWFpbCI6ImRlYm9yYWJ1emF0dG8yN0BnbWFpbC5jb20iLCJlbWFpbF92ZXJpZmllZCI6dHJ1ZSwibmJmIjoxNjk5ODk2NTIwLCJuYW1lIjoiRGVib3JhIEJ1emF0dG8iLCJwaWN0dXJlIjoiaHR0cHM6Ly9saDMuZ29vZ2xldXNlcmNvbnRlbnQuY29tL2EvQUNnOG9jS3NDbWZIOFRfaHVWNW5CejhnVDlQTWt2akF2SlpvWl9EWDFxZk5TYk5EZWtNPXM5Ni1jIiwiZ2l2ZW5fbmFtZSI6IkRlYm9yYSIsImZhbWlseV9uYW1lIjoiQnV6YXR0byIsImxvY2FsZSI6InB0LUJSIiwiaWF0IjoxNjk5ODk2ODIwLCJleHAiOjE2OTk5MDA0MjAsImp0aSI6IjQ1MjY5MWQ4NmUxMGRlYTU2MWIwN2QyNzUxNDA5NmJlM2Q1MWNiZDQifQ.R2KvfMTlUI6ab9aenKopu02Q6iMBve1NK7ZQ2_Y75N-GyKAW6Xym6zOg14qRhXpViwFlTD0tiAq-Rnfyo_ujWA2bovUdQ3_f_hSETKCcp7ahOack77c_x_M_vtYOjGpdclEMhFHRDpSvcW8joEKbxGGZ4OZq0dim3FgSdWLixuubr9q5qp1cozP991bia1iXxOt1PVWUtIxRE6T9ADMe5MYRr9jFDNWUVWXf7XSAhOsSbU4OcG2tHn7l2MUKa1wwZ1dMJzd6D2ZIIM9okl9ySP5Y_MvrThuxs3REHW49TtGdXQ5P7_DUIvOzPy2ADXj2vf9lnxkns6E87ZS7zXhZiA"}
{"level":"info","message":"[2023-11-13T17:48:15.927Z] - method: POST /loginDB - email: admin@gmail.com"}
=======
{"level":"info","message":"[2023-11-14T11:59:11.743Z] - method: POST /loginDB - email: admin@gmail.com"}
{"level":"info","message":"[2023-11-14T12:22:11.927Z] - method: POST /cadastro - email: duarte@gmail.com"}
{"level":"info","message":"[2023-11-14T12:22:22.572Z] - method: POST /loginDB - email: duarte@gmail.com"}
{"level":"info","message":"[2023-11-14T12:28:21.648Z] - method: POST /loginDB - email: duarte@gmail.com"}
{"level":"info","message":"[2023-11-14T12:55:33.966Z] - method: POST /loginDB - email: admin@gmail.com"}
{"level":"info","message":"[2023-11-14T12:57:36.788Z] - method: POST /loginDB - email: duarte@gmail.com"}
{"level":"info","message":"[2023-11-14T12:57:39.419Z] - method: POST /loginDB - email: duarte@gmail.com"}
{"level":"info","message":"[2023-11-14T12:57:41.123Z] - method: POST /loginDB - email: duarte@gmail.com"}
{"level":"info","message":"[2023-11-14T12:57:42.731Z] - method: POST /loginDB - email: duarte@gmail.com"}
{"level":"info","message":"[2023-11-14T12:57:45.548Z] - method: POST /loginDB - email: duarte@gmail.com"}
{"level":"info","message":"[2023-11-14T12:57:53.292Z] - method: POST /loginDB - email: duarte@gmail.com"}
{"level":"info","message":"[2023-11-14T12:57:55.707Z] - method: POST /loginDB - email: duarte@gmail.com"}
{"level":"info","message":"[2023-11-14T12:58:04.268Z] - method: POST /loginDB - email: bruno@gmail.com"}
{"level":"info","message":"[2023-11-14T12:58:12.877Z] - method: POST /loginDB - email: duarte@gmail.com"}
{"level":"info","message":"[2023-11-14T13:01:50.575Z] - method: POST /loginDB - email: duarte@gmail.com"}
{"level":"info","message":"[2023-11-14T13:02:22.836Z] - method: POST /loginDB - email: admin@gmail.com"}
{"level":"info","message":"[2023-11-14T13:02:39.285Z] - method: POST /loginDB - email: duarte@gmail.com"}
{"level":"info","message":"[2023-11-14T13:04:11.660Z] - method: POST /loginDB - email: admin@gmail.com"}
{"level":"info","message":"[2023-11-14T13:06:43.039Z] - method: POST /cadastro - email: duarte2@gmail.com"}
{"level":"info","message":"[2023-11-14T13:07:12.267Z] - method: POST /loginDB - email: duarte2@gmail.com"}
{"level":"info","message":"[2023-11-14T13:07:26.254Z] - method: POST /cadastro - email: duarte2@gmail.com"}
{"level":"info","message":"[2023-11-14T13:07:39.245Z] - method: POST /loginDB - email: duarte2@gmail.com"}
{"level":"info","message":"[2023-11-14T13:07:50.991Z] - method: POST /loginDB - email: duarte2@gmail.com"}
{"level":"info","message":"[2023-11-14T13:07:57.326Z] - method: POST /loginDB - email: admin@gmail.com"}
{"level":"info","message":"[2023-11-14T13:15:21.443Z] - method: POST /loginDB - email: admin@gmail.com"}
{"level":"info","message":"[2023-11-14T13:31:17.351Z] - method: POST /loginDB - email: admin@gmail.com"}
{"level":"info","message":"[2023-11-14T13:32:36.779Z] - method: POST /loginDB - email: admin@gmail.com"}
{"level":"info","message":"[2023-11-14T13:39:44.117Z] - method: POST /loginDB - email: admin@gmail.com"}
{"level":"info","message":"[2023-11-14T13:51:38.553Z] - method: POST /loginDB - email: admin@gmail.com"}
{"level":"info","message":"[2023-11-14T20:20:30.703Z] - method: POST /loginDB - email: admin@gmail.com"}
{"level":"info","message":"[2023-11-14T20:32:24.805Z] - method: POST /loginDB - email: admin@gmail.com"}
>>>>>>> 0d3c385f69aed8309c1882e62826b95a753cf162
